\BOOKMARK [1][-]{section.1}{\376\377\000C\000o\000n\000t\000e\000x\000t\000e\000\040\000d\000u\000\040\000p\000o\000d\000c\000a\000s\000t}{}% 1
\BOOKMARK [2][-]{subsection.1.1}{\376\377\000P\000o\000s\000i\000t\000i\000o\000n\000n\000e\000m\000e\000n\000t}{section.1}% 2
\BOOKMARK [2][-]{subsection.1.2}{\376\377\000C\000e\000\040\000q\000u\000e\000\040\000l\000a\000\040\000m\000a\000r\000q\000u\000e\000\040\000e\000s\000t}{section.1}% 3
\BOOKMARK [2][-]{subsection.1.3}{\376\377\000C\000e\000\040\000q\000u\000e\000\040\000l\000a\000\040\000m\000a\000r\000q\000u\000e\000\040\000n\000'\000e\000s\000t\000\040\000p\000a\000s}{section.1}% 4
\BOOKMARK [1][-]{section.2}{\376\377\000P\000a\000l\000e\000t\000t\000e\000\040\000d\000e\000\040\000c\000o\000u\000l\000e\000u\000r\000s}{}% 5
\BOOKMARK [2][-]{subsection.2.1}{\376\377\000G\000r\000a\000d\000i\000e\000n\000t\000\040\000d\000e\000\040\000l\000a\000\040\000c\000o\000v\000e\000r}{section.2}% 6
\BOOKMARK [2][-]{subsection.2.2}{\376\377\000C\000o\000u\000l\000e\000u\000r\000s\000\040\000p\000r\000i\000n\000c\000i\000p\000a\000l\000e\000s}{section.2}% 7
\BOOKMARK [2][-]{subsection.2.3}{\376\377\000R\000\364\000l\000e\000s\000\040\000d\000e\000s\000\040\000c\000o\000u\000l\000e\000u\000r\000s}{section.2}% 8
\BOOKMARK [2][-]{subsection.2.4}{\376\377\000C\000o\000n\000t\000r\000a\000s\000t\000e\000\040\000e\000t\000\040\000l\000i\000s\000i\000b\000i\000l\000i\000t\000\351}{section.2}% 9
\BOOKMARK [1][-]{section.3}{\376\377\000T\000y\000p\000o\000g\000r\000a\000p\000h\000i\000e}{}% 10
\BOOKMARK [2][-]{subsection.3.1}{\376\377\000H\000i\000\351\000r\000a\000r\000c\000h\000i\000e\000\040\000t\000y\000p\000o\000g\000r\000a\000p\000h\000i\000q\000u\000e}{section.3}% 11
\BOOKMARK [2][-]{subsection.3.2}{\376\377\000A\000p\000e\000r\000\347\000u\000\040\000d\000u\000\040\000t\000i\000t\000r\000e\000\040\000s\000u\000r\000\040\000l\000a\000\040\000c\000o\000v\000e\000r}{section.3}% 12
\BOOKMARK [2][-]{subsection.3.3}{\376\377\000T\000r\000a\000i\000t\000e\000m\000e\000n\000t\000\040\000d\000u\000\040\000t\000e\000x\000t\000e\000\040\000s\000u\000r\000\040\000l\000a\000\040\000c\000o\000v\000e\000r}{section.3}% 13
\BOOKMARK [1][-]{section.4}{\376\377\000I\000l\000l\000u\000s\000t\000r\000a\000t\000i\000o\000n}{}% 14
\BOOKMARK [2][-]{subsection.4.1}{\376\377\000S\000t\000y\000l\000e}{section.4}% 15
\BOOKMARK [2][-]{subsection.4.2}{\376\377\000P\000e\000r\000s\000o\000n\000n\000a\000g\000e\000\040\000:\000\040\000\253\000\040\000L\000e\000\040\000f\000i\000l\000\040\000r\000o\000u\000g\000e\000\040\000\273}{section.4}% 16
\BOOKMARK [2][-]{subsection.4.3}{\376\377\000F\000i\000c\000h\000i\000e\000r\000\040\000s\000o\000u\000r\000c\000e}{section.4}% 17
\BOOKMARK [2][-]{subsection.4.4}{\376\377\000N\000e\000t\000t\000o\000y\000a\000g\000e\000\040\000d\000e\000\040\000l\000'\000i\000m\000a\000g\000e}{section.4}% 18
\BOOKMARK [1][-]{section.5}{\376\377\000C\000o\000m\000p\000o\000s\000i\000t\000i\000o\000n\000\040\000\046\000\040\000m\000i\000s\000e\000\040\000e\000n\000\040\000p\000a\000g\000e}{}% 19
\BOOKMARK [2][-]{subsection.5.1}{\376\377\000S\000t\000r\000u\000c\000t\000u\000r\000e\000\040\000d\000e\000\040\000l\000a\000\040\000c\000o\000v\000e\000r\000\040\000\050\0003\0000\0000\0000\000\327\0003\0000\0000\0000\000p\000x\000\051}{section.5}% 20
\BOOKMARK [2][-]{subsection.5.2}{\376\377\000R\000\350\000g\000l\000e\000s\000\040\000d\000e\000\040\000c\000o\000m\000p\000o\000s\000i\000t\000i\000o\000n}{section.5}% 21
\BOOKMARK [2][-]{subsection.5.3}{\376\377\000C\000a\000l\000q\000u\000e\000s\000\040\000d\000'\000e\000x\000p\000o\000r\000t}{section.5}% 22
\BOOKMARK [1][-]{section.6}{\376\377\000L\000o\000g\000o\000\040\000B\000l\000e\000e\000n}{}% 23
\BOOKMARK [2][-]{subsection.6.1}{\376\377\000C\000o\000m\000p\000o\000s\000i\000t\000i\000o\000n\000\040\000d\000u\000\040\000b\000l\000o\000c\000\040\000l\000o\000g\000o}{section.6}% 24
\BOOKMARK [2][-]{subsection.6.2}{\376\377\000R\000a\000t\000i\000o\000s\000\040\000d\000u\000\040\000l\000o\000g\000o\000\040\000S\000V\000G\000\040\000\050\000s\000o\000u\000r\000c\000e\000\040\000:\000\040\000b\000l\000e\000e\000n\000c\000o\000n\000s\000u\000l\000t\000i\000n\000g\000.\000w\000e\000b\000f\000l\000o\000w\000.\000i\000o\000\051}{section.6}% 25
\BOOKMARK [2][-]{subsection.6.3}{\376\377\000R\000\350\000g\000l\000e\000s}{section.6}% 26
\BOOKMARK [1][-]{section.7}{\376\377\000E\000f\000f\000e\000t\000s\000\040\000\046\000\040\000o\000v\000e\000r\000l\000a\000y\000s}{}% 27
\BOOKMARK [2][-]{subsection.7.1}{\376\377\000V\000a\000r\000i\000a\000n\000t\000e\000s}{section.7}% 28
\BOOKMARK [1][-]{section.8}{\376\377\000S\000p\000\351\000c\000i\000f\000i\000c\000a\000t\000i\000o\000n\000s\000\040\000t\000e\000c\000h\000n\000i\000q\000u\000e\000s}{}% 29
\BOOKMARK [2][-]{subsection.8.1}{\376\377\000F\000o\000r\000m\000a\000t\000\040\000d\000e\000\040\000l\000a\000\040\000c\000o\000v\000e\000r}{section.8}% 30
\BOOKMARK [2][-]{subsection.8.2}{\376\377\000C\000S\000S\000\040\000d\000e\000\040\000r\000\351\000f\000\351\000r\000e\000n\000c\000e}{section.8}% 31
\BOOKMARK [1][-]{section.9}{\376\377\000D\000\351\000c\000l\000i\000n\000a\000i\000s\000o\000n\000s\000\040\000r\000e\000c\000o\000m\000m\000a\000n\000d\000\351\000e\000s}{}% 32
\BOOKMARK [2][-]{subsection.9.1}{\376\377\000F\000o\000r\000m\000a\000t\000s\000\040\000r\000\351\000s\000e\000a\000u\000x\000\040\000s\000o\000c\000i\000a\000u\000x}{section.9}% 33
\BOOKMARK [2][-]{subsection.9.2}{\376\377\000D\000o\000'\000s\000\040\000\046\000\040\000D\000o\000n\000'\000t\000s}{section.9}% 34
\BOOKMARK [1][-]{section.10}{\376\377\000P\000r\000o\000c\000e\000s\000s\000u\000s\000\040\000d\000'\000i\000d\000\351\000a\000t\000i\000o\000n\000\040\040\024\000\040\000N\000a\000m\000i\000n\000g}{}% 35
\BOOKMARK [2][-]{subsection.10.1}{\376\377\000D\000i\000r\000e\000c\000t\000i\000o\000n\000\040\000c\000l\000i\000e\000n\000t}{section.10}% 36
\BOOKMARK [2][-]{subsection.10.2}{\376\377\000C\000o\000n\000t\000r\000a\000i\000n\000t\000e\000s\000\040\000d\000e\000\040\000l\000a\000\040\000f\000a\000m\000i\000l\000l\000e\000\040\000d\000e\000\040\000p\000o\000d\000c\000a\000s\000t\000s}{section.10}% 37
\BOOKMARK [2][-]{subsection.10.3}{\376\377\000M\000a\000t\000i\000\350\000r\000e\000\040\000p\000r\000e\000m\000i\000\350\000r\000e\000\040\040\024\000\040\000c\000h\000a\000m\000p\000\040\000l\000e\000x\000i\000c\000a\000l}{section.10}% 38
\BOOKMARK [2][-]{subsection.10.4}{\376\377\000I\000n\000s\000p\000i\000r\000a\000t\000i\000o\000n\000\040\000e\000x\000t\000e\000r\000n\000e\000\040\040\024\000\040\000O\000b\000j\000e\000c\000t\000u\000s}{section.10}% 39
\BOOKMARK [2][-]{subsection.10.5}{\376\377\000I\000n\000s\000p\000i\000r\000a\000t\000i\000o\000n\000\040\000e\000x\000t\000e\000r\000n\000e\000\040\040\024\000\040\000C\000l\000i\000m\000a\000x\000\040\000f\000a\000n\000z\000i\000n\000e}{section.10}% 40
\BOOKMARK [2][-]{subsection.10.6}{\376\377\000G\000r\000i\000l\000l\000e\000\040\000d\000'\000\351\000v\000a\000l\000u\000a\000t\000i\000o\000n}{section.10}% 41
\BOOKMARK [2][-]{subsection.10.7}{\376\377\000S\000h\000o\000r\000t\000l\000i\000s\000t\000\040\040\024\000\040\000T\000o\000p\000\040\0003}{section.10}% 42
\BOOKMARK [2][-]{subsection.10.8}{\376\377\000P\000h\000r\000a\000s\000e\000\040\000d\000'\000i\000n\000t\000r\000o\000\040\040\024\000\040\000m\000\351\000t\000h\000o\000d\000e}{section.10}% 43
\BOOKMARK [2][-]{subsection.10.9}{\376\377\000P\000h\000r\000a\000s\000e\000\040\000d\000'\000i\000n\000t\000r\000o\000\040\040\024\000\040\0004\000\040\000p\000r\000o\000p\000o\000s\000i\000t\000i\000o\000n\000s}{section.10}% 44
\BOOKMARK [2][-]{subsection.10.10}{\376\377\000C\000o\000r\000r\000e\000s\000p\000o\000n\000d\000a\000n\000c\000e\000\040\000i\000n\000t\000r\000o\000\040\000\327\000\040\000n\000o\000m}{section.10}% 45
\BOOKMARK [1][-]{section.11}{\376\377\000M\000i\000n\000d\000m\000a\000p\000\040\040\024\000\040\000V\000u\000e\000\040\000d\000'\000e\000n\000s\000e\000m\000b\000l\000e}{}% 46
\BOOKMARK [1][-]{section.12}{\376\377\000R\000\351\000f\000\351\000r\000e\000n\000c\000e\000s\000\040\000d\000o\000c\000u\000m\000e\000n\000t\000a\000i\000r\000e\000s}{}% 47
\BOOKMARK [2][-]{subsection.12.1}{\376\377\000L\000i\000v\000r\000e\000s\000\040\000f\000o\000n\000d\000a\000m\000e\000n\000t\000a\000u\000x}{section.12}% 48
\BOOKMARK [2][-]{subsection.12.2}{\376\377\000C\000h\000i\000f\000f\000r\000e\000s\000\040\000c\000l\000\351\000s\000\040\040\024\000\040\000a\000v\000e\000c\000\040\000s\000o\000u\000r\000c\000e\000s}{section.12}% 49
\BOOKMARK [2][-]{subsection.12.3}{\376\377\000S\000o\000u\000r\000c\000e\000s\000\040\000b\000e\000l\000g\000e\000s\000\040\000e\000t\000\040\000e\000u\000r\000o\000p\000\351\000e\000n\000n\000e\000s}{section.12}% 50
\BOOKMARK [1][-]{section.13}{\376\377\000N\000o\000u\000v\000e\000l\000l\000e\000s\000\040\000p\000r\000o\000p\000o\000s\000i\000t\000i\000o\000n\000s\000\040\000d\000e\000\040\000c\000o\000v\000e\000r\000s}{}% 51
\BOOKMARK [2][-]{subsection.13.1}{\376\377\000I\000l\000l\000u\000s\000t\000r\000a\000t\000i\000o\000n\000s\000\040\000g\000\351\000n\000\351\000r\000\351\000e\000s}{section.13}% 52
\BOOKMARK [2][-]{subsection.13.2}{\376\377\000C\000o\000v\000e\000r\000s\000\040\000p\000r\000o\000p\000o\000s\000\351\000e\000s}{section.13}% 53
\BOOKMARK [2][-]{subsection.13.3}{\376\377\000T\000e\000s\000t\000s\000\040\000c\000o\000u\000l\000e\000u\000r\000s\000\040\000d\000u\000\040\000t\000i\000t\000r\000e}{section.13}% 54
\BOOKMARK [2][-]{subsection.13.4}{\376\377\000C\000o\000m\000p\000o\000s\000i\000t\000i\000o\000n\000\040\000d\000u\000\040\000t\000i\000t\000r\000e\000\040\000\253\000\040\000P\000l\000a\000n\000\350\000t\000e\000\040\000\340\000\040\000C\000r\000\351\000d\000i\000t\000\040\000\273}{section.13}% 55
\BOOKMARK [2][-]{subsection.13.5}{\376\377\000D\000\351\000c\000i\000s\000i\000o\000n\000\040\000e\000n\000\040\000a\000t\000t\000e\000n\000t\000e}{section.13}% 56
