\BOOKMARK [1][-]{section.1}{\376\377\000C\000o\000n\000t\000e\000x\000t\000e\000\040\000d\000u\000\040\000p\000o\000d\000c\000a\000s\000t}{}% 1
\BOOKMARK [2][-]{subsection.1.1}{\376\377\000P\000o\000s\000i\000t\000i\000o\000n\000n\000e\000m\000e\000n\000t}{section.1}% 2
\BOOKMARK [2][-]{subsection.1.2}{\376\377\000C\000e\000\040\000q\000u\000e\000\040\000l\000a\000\040\000m\000a\000r\000q\000u\000e\000\040\000e\000s\000t}{section.1}% 3
\BOOKMARK [2][-]{subsection.1.3}{\376\377\000C\000e\000\040\000q\000u\000e\000\040\000l\000a\000\040\000m\000a\000r\000q\000u\000e\000\040\000n\000'\000e\000s\000t\000\040\000p\000a\000s}{section.1}% 4
\BOOKMARK [1][-]{section.2}{\376\377\000P\000a\000l\000e\000t\000t\000e\000\040\000d\000e\000\040\000c\000o\000u\000l\000e\000u\000r\000s}{}% 5
\BOOKMARK [2][-]{subsection.2.1}{\376\377\000G\000r\000a\000d\000i\000e\000n\000t\000\040\000d\000e\000\040\000l\000a\000\040\000c\000o\000v\000e\000r}{section.2}% 6
\BOOKMARK [2][-]{subsection.2.2}{\376\377\000C\000o\000u\000l\000e\000u\000r\000s\000\040\000p\000r\000i\000n\000c\000i\000p\000a\000l\000e\000s}{section.2}% 7
\BOOKMARK [2][-]{subsection.2.3}{\376\377\000C\000o\000u\000l\000e\000u\000r\000s\000\040\000s\000e\000c\000o\000n\000d\000a\000i\000r\000e\000s}{section.2}% 8
\BOOKMARK [2][-]{subsection.2.4}{\376\377\000R\000\350\000g\000l\000e\000s\000\040\000d\000'\000u\000t\000i\000l\000i\000s\000a\000t\000i\000o\000n}{section.2}% 9
\BOOKMARK [1][-]{section.3}{\376\377\000T\000y\000p\000o\000g\000r\000a\000p\000h\000i\000e}{}% 10
\BOOKMARK [2][-]{subsection.3.1}{\376\377\000L\000o\000g\000o\000\040\000\253\000\040\000V\000\311\000L\000O\000T\000A\000F\000\040\000\273}{section.3}% 11
\BOOKMARK [2][-]{subsection.3.2}{\376\377\000H\000i\000\351\000r\000a\000r\000c\000h\000i\000e\000\040\000t\000y\000p\000o\000g\000r\000a\000p\000h\000i\000q\000u\000e}{section.3}% 12
\BOOKMARK [2][-]{subsection.3.3}{\376\377\000T\000r\000a\000i\000t\000e\000m\000e\000n\000t\000\040\000d\000u\000\040\000t\000e\000x\000t\000e\000\040\000s\000u\000r\000\040\000l\000a\000\040\000c\000o\000v\000e\000r}{section.3}% 13
\BOOKMARK [1][-]{section.4}{\376\377\000I\000l\000l\000u\000s\000t\000r\000a\000t\000i\000o\000n}{}% 14
\BOOKMARK [2][-]{subsection.4.1}{\376\377\000S\000t\000y\000l\000e}{section.4}% 15
\BOOKMARK [2][-]{subsection.4.2}{\376\377\000P\000e\000r\000s\000o\000n\000n\000a\000g\000e}{section.4}% 16
\BOOKMARK [2][-]{subsection.4.3}{\376\377\000F\000i\000c\000h\000i\000e\000r\000\040\000s\000o\000u\000r\000c\000e}{section.4}% 17
\BOOKMARK [1][-]{section.5}{\376\377\000C\000o\000m\000p\000o\000s\000i\000t\000i\000o\000n\000\040\000\046\000\040\000m\000i\000s\000e\000\040\000e\000n\000\040\000p\000a\000g\000e}{}% 18
\BOOKMARK [2][-]{subsection.5.1}{\376\377\000S\000t\000r\000u\000c\000t\000u\000r\000e\000\040\000d\000e\000\040\000l\000a\000\040\000c\000o\000v\000e\000r\000\040\000\050\0003\0000\0000\0000\000\327\0003\0000\0000\0000\000p\000x\000\051}{section.5}% 19
\BOOKMARK [2][-]{subsection.5.2}{\376\377\000R\000\350\000g\000l\000e\000s\000\040\000d\000e\000\040\000c\000o\000m\000p\000o\000s\000i\000t\000i\000o\000n}{section.5}% 20
\BOOKMARK [2][-]{subsection.5.3}{\376\377\000C\000a\000l\000q\000u\000e\000s\000\040\000d\000'\000e\000x\000p\000o\000r\000t}{section.5}% 21
\BOOKMARK [1][-]{section.6}{\376\377\000L\000o\000g\000o\000\040\000B\000l\000e\000e\000n}{}% 22
\BOOKMARK [2][-]{subsection.6.1}{\376\377\000C\000o\000m\000p\000o\000s\000i\000t\000i\000o\000n\000\040\000d\000u\000\040\000b\000l\000o\000c\000\040\000l\000o\000g\000o}{section.6}% 23
\BOOKMARK [2][-]{subsection.6.2}{\376\377\000R\000a\000t\000i\000o\000s\000\040\000d\000u\000\040\000l\000o\000g\000o\000\040\000S\000V\000G\000\040\000\050\000s\000o\000u\000r\000c\000e\000\040\000:\000\040\000b\000l\000e\000e\000n\000c\000o\000n\000s\000u\000l\000t\000i\000n\000g\000.\000w\000e\000b\000f\000l\000o\000w\000.\000i\000o\000\051}{section.6}% 24
\BOOKMARK [2][-]{subsection.6.3}{\376\377\000R\000\350\000g\000l\000e\000s}{section.6}% 25
\BOOKMARK [1][-]{section.7}{\376\377\000E\000f\000f\000e\000t\000s\000\040\000\046\000\040\000o\000v\000e\000r\000l\000a\000y\000s}{}% 26
\BOOKMARK [1][-]{section.8}{\376\377\000S\000p\000\351\000c\000i\000f\000i\000c\000a\000t\000i\000o\000n\000s\000\040\000t\000e\000c\000h\000n\000i\000q\000u\000e\000s}{}% 27
\BOOKMARK [2][-]{subsection.8.1}{\376\377\000F\000o\000r\000m\000a\000t\000\040\000d\000e\000\040\000l\000a\000\040\000c\000o\000v\000e\000r}{section.8}% 28
\BOOKMARK [2][-]{subsection.8.2}{\376\377\000C\000S\000S\000\040\000d\000e\000\040\000r\000\351\000f\000\351\000r\000e\000n\000c\000e}{section.8}% 29
\BOOKMARK [1][-]{section.9}{\376\377\000D\000\351\000c\000l\000i\000n\000a\000i\000s\000o\000n\000s\000\040\000r\000e\000c\000o\000m\000m\000a\000n\000d\000\351\000e\000s}{}% 30
\BOOKMARK [2][-]{subsection.9.1}{\376\377\000F\000o\000r\000m\000a\000t\000s\000\040\000r\000\351\000s\000e\000a\000u\000x\000\040\000s\000o\000c\000i\000a\000u\000x}{section.9}% 31
\BOOKMARK [2][-]{subsection.9.2}{\376\377\000D\000o\000'\000s\000\040\000\046\000\040\000D\000o\000n\000'\000t\000s}{section.9}% 32
